  main.cpp
C:\Users\break\Desktop\miniProject\miniProject\Menu.cpp(91,32): warning C4018: '<': signed/unsigned mismatch
C:\Users\break\Desktop\miniProject\miniProject\Menu.cpp(105,24): warning C4018: '<': signed/unsigned mismatch
C:\Users\break\Desktop\miniProject\miniProject\Menu.cpp(128,53): warning C4018: '>=': signed/unsigned mismatch
C:\Users\break\Desktop\miniProject\miniProject\Menu.cpp(143,53): warning C4018: '>': signed/unsigned mismatch
C:\Users\break\Desktop\miniProject\miniProject\Menu.cpp(197,53): warning C4018: '>=': signed/unsigned mismatch
C:\Users\break\Desktop\miniProject\miniProject\Menu.cpp(212,53): warning C4018: '>': signed/unsigned mismatch
C:\Users\break\Desktop\miniProject\miniProject\Menu.cpp(274,52): warning C4018: '>=': signed/unsigned mismatch
C:\Users\break\Desktop\miniProject\miniProject\Menu.cpp(299,54): warning C4018: '>': signed/unsigned mismatch
C:\Users\break\Desktop\miniProject\miniProject\Menu.cpp(384,57): warning C4018: '>=': signed/unsigned mismatch
C:\Users\break\Desktop\miniProject\miniProject\Menu.cpp(407,57): warning C4018: '>=': signed/unsigned mismatch
C:\Users\break\Desktop\miniProject\miniProject\Menu.cpp(430,57): warning C4018: '>=': signed/unsigned mismatch
C:\Users\break\Desktop\miniProject\miniProject\Menu.cpp(460,57): warning C4018: '>=': signed/unsigned mismatch
C:\Users\break\Desktop\miniProject\miniProject\Matrix.h(390,1): warning C4244: '+=': conversion from 'T' to 'int', possible loss of data
          with
          [
              T=double
          ]
C:\Users\break\Desktop\miniProject\miniProject\Matrix.h(376): message : while compiling class template member function 'T Matrix<T>::calculateDeterminant(T **,int,int)'
          with
          [
              T=double
          ]
C:\Users\break\Desktop\miniProject\miniProject\Matrix.h(341): message : see reference to function template instantiation 'T Matrix<T>::calculateDeterminant(T **,int,int)' being compiled
          with
          [
              T=double
          ]
C:\Users\break\Desktop\miniProject\miniProject\Matrix.h(424): message : see reference to class template instantiation 'Matrix<double>' being compiled
C:\Users\break\Desktop\miniProject\miniProject\Matrix.h(424): message : see reference to class template instantiation 'Matrix<T>' being compiled
  Menu.cpp
C:\Users\break\Desktop\miniProject\miniProject\Menu.cpp(91,32): warning C4018: '<': signed/unsigned mismatch
C:\Users\break\Desktop\miniProject\miniProject\Menu.cpp(105,24): warning C4018: '<': signed/unsigned mismatch
C:\Users\break\Desktop\miniProject\miniProject\Menu.cpp(128,53): warning C4018: '>=': signed/unsigned mismatch
C:\Users\break\Desktop\miniProject\miniProject\Menu.cpp(143,53): warning C4018: '>': signed/unsigned mismatch
C:\Users\break\Desktop\miniProject\miniProject\Menu.cpp(197,53): warning C4018: '>=': signed/unsigned mismatch
C:\Users\break\Desktop\miniProject\miniProject\Menu.cpp(212,53): warning C4018: '>': signed/unsigned mismatch
C:\Users\break\Desktop\miniProject\miniProject\Menu.cpp(274,52): warning C4018: '>=': signed/unsigned mismatch
C:\Users\break\Desktop\miniProject\miniProject\Menu.cpp(299,54): warning C4018: '>': signed/unsigned mismatch
C:\Users\break\Desktop\miniProject\miniProject\Menu.cpp(384,57): warning C4018: '>=': signed/unsigned mismatch
C:\Users\break\Desktop\miniProject\miniProject\Menu.cpp(407,57): warning C4018: '>=': signed/unsigned mismatch
C:\Users\break\Desktop\miniProject\miniProject\Menu.cpp(430,57): warning C4018: '>=': signed/unsigned mismatch
C:\Users\break\Desktop\miniProject\miniProject\Menu.cpp(460,57): warning C4018: '>=': signed/unsigned mismatch
C:\Users\break\Desktop\miniProject\miniProject\Matrix.h(390,1): warning C4244: '+=': conversion from 'T' to 'int', possible loss of data
          with
          [
              T=double
          ]
C:\Users\break\Desktop\miniProject\miniProject\Matrix.h(376): message : while compiling class template member function 'T Matrix<T>::calculateDeterminant(T **,int,int)'
          with
          [
              T=double
          ]
C:\Users\break\Desktop\miniProject\miniProject\Matrix.h(341): message : see reference to function template instantiation 'T Matrix<T>::calculateDeterminant(T **,int,int)' being compiled
          with
          [
              T=double
          ]
C:\Users\break\Desktop\miniProject\miniProject\Matrix.h(424): message : see reference to class template instantiation 'Matrix<double>' being compiled
C:\Users\break\Desktop\miniProject\miniProject\Matrix.h(424): message : see reference to class template instantiation 'Matrix<T>' being compiled
  Generating Code...
  miniProject.vcxproj -> C:\Users\break\Desktop\miniProject\Debug\miniProject.exe
